This is pdfTeX, Version 3.14159265-2.6-1.40.20 (TeX Live 2019) (preloaded format=pdflatex 2019.5.8)  8 SEP 2020 15:26
entering extended mode
 restricted \write18 enabled.
 file:line:error style messages enabled.
 %&-line parsing enabled.
**/Users/gali/gdrive/princeton/dissertation/papers/patronage_education/paper/paper.tex
(/Users/gali/gdrive/princeton/dissertation/papers/patronage_education/paper/paper.tex
LaTeX2e <2018-12-01>
(/usr/local/texlive/2019/texmf-dist/tex/latex/base/article.cls
Document Class: article 2018/09/03 v1.4i Standard LaTeX document class
(/usr/local/texlive/2019/texmf-dist/tex/latex/base/size12.clo
File: size12.clo 2018/09/03 v1.4i Standard LaTeX file (size option)
)
\c@part=\count80
\c@section=\count81
\c@subsection=\count82
\c@subsubsection=\count83
\c@paragraph=\count84
\c@subparagraph=\count85
\c@figure=\count86
\c@table=\count87
\abovecaptionskip=\skip41
\belowcaptionskip=\skip42
\bibindent=\dimen102
) (/usr/local/texlive/2019/texmf-dist/tex/latex/setspace/setspace.sty
Package: setspace 2011/12/19 v6.7a set line spacing
) (/usr/local/texlive/2019/texmf-dist/tex/latex/geometry/geometry.sty
Package: geometry 2018/04/16 v5.8 Page Geometry
 (/usr/local/texlive/2019/texmf-dist/tex/latex/graphics/keyval.sty
Package: keyval 2014/10/28 v1.15 key=value parser (DPC)
\KV@toks@=\toks14
) (/usr/local/texlive/2019/texmf-dist/tex/generic/oberdiek/ifpdf.sty
Package: ifpdf 2018/09/07 v3.3 Provides the ifpdf switch
) (/usr/local/texlive/2019/texmf-dist/tex/generic/oberdiek/ifvtex.sty
Package: ifvtex 2016/05/16 v1.6 Detect VTeX and its facilities (HO)
Package ifvtex Info: VTeX not detected.
) (/usr/local/texlive/2019/texmf-dist/tex/generic/ifxetex/ifxetex.sty
Package: ifxetex 2010/09/12 v0.6 Provides ifxetex conditional
)
\Gm@cnth=\count88
\Gm@cntv=\count89
\c@Gm@tempcnt=\count90
\Gm@bindingoffset=\dimen103
\Gm@wd@mp=\dimen104
\Gm@odd@mp=\dimen105
\Gm@even@mp=\dimen106
\Gm@layoutwidth=\dimen107
\Gm@layoutheight=\dimen108
\Gm@layouthoffset=\dimen109
\Gm@layoutvoffset=\dimen110
\Gm@dimlist=\toks15
) (/usr/local/texlive/2019/texmf-dist/tex/latex/base/inputenc.sty
Package: inputenc 2018/08/11 v1.3c Input encoding file
\inpenc@prehook=\toks16
\inpenc@posthook=\toks17
) (/usr/local/texlive/2019/texmf-dist/tex/latex/amsmath/amsmath.sty
Package: amsmath 2018/12/01 v2.17b AMS math features
\@mathmargin=\skip43

For additional information on amsmath, use the `?' option.
(/usr/local/texlive/2019/texmf-dist/tex/latex/amsmath/amstext.sty
Package: amstext 2000/06/29 v2.01 AMS text
 (/usr/local/texlive/2019/texmf-dist/tex/latex/amsmath/amsgen.sty
File: amsgen.sty 1999/11/30 v2.0 generic functions
\@emptytoks=\toks18
\ex@=\dimen111
)) (/usr/local/texlive/2019/texmf-dist/tex/latex/amsmath/amsbsy.sty
Package: amsbsy 1999/11/29 v1.2d Bold Symbols
\pmbraise@=\dimen112
) (/usr/local/texlive/2019/texmf-dist/tex/latex/amsmath/amsopn.sty
Package: amsopn 2016/03/08 v2.02 operator names
)
\inf@bad=\count91
LaTeX Info: Redefining \frac on input line 223.
\uproot@=\count92
\leftroot@=\count93
LaTeX Info: Redefining \overline on input line 385.
\classnum@=\count94
\DOTSCASE@=\count95
LaTeX Info: Redefining \ldots on input line 482.
LaTeX Info: Redefining \dots on input line 485.
LaTeX Info: Redefining \cdots on input line 606.
\Mathstrutbox@=\box27
\strutbox@=\box28
\big@size=\dimen113
LaTeX Font Info:    Redeclaring font encoding OML on input line 729.
LaTeX Font Info:    Redeclaring font encoding OMS on input line 730.
\macc@depth=\count96
\c@MaxMatrixCols=\count97
\dotsspace@=\muskip10
\c@parentequation=\count98
\dspbrk@lvl=\count99
\tag@help=\toks19
\row@=\count100
\column@=\count101
\maxfields@=\count102
\andhelp@=\toks20
\eqnshift@=\dimen114
\alignsep@=\dimen115
\tagshift@=\dimen116
\tagwidth@=\dimen117
\totwidth@=\dimen118
\lineht@=\dimen119
\@envbody=\toks21
\multlinegap=\skip44
\multlinetaggap=\skip45
\mathdisplay@stack=\toks22
LaTeX Info: Redefining \[ on input line 2844.
LaTeX Info: Redefining \] on input line 2845.
) (/usr/local/texlive/2019/texmf-dist/tex/latex/amsfonts/amsfonts.sty
Package: amsfonts 2013/01/14 v3.01 Basic AMSFonts support
\symAMSa=\mathgroup4
\symAMSb=\mathgroup5
LaTeX Font Info:    Overwriting math alphabet `\mathfrak' in version `bold'
(Font)                  U/euf/m/n --> U/euf/b/n on input line 106.
) (/usr/local/texlive/2019/texmf-dist/tex/latex/amsfonts/amssymb.sty
Package: amssymb 2013/01/14 v3.01 AMS font symbols
) (/usr/local/texlive/2019/texmf-dist/tex/latex/amscls/amsthm.sty
Package: amsthm 2017/10/31 v2.20.4
\thm@style=\toks23
\thm@bodyfont=\toks24
\thm@headfont=\toks25
\thm@notefont=\toks26
\thm@headpunct=\toks27
\thm@preskip=\skip46
\thm@postskip=\skip47
\thm@headsep=\skip48
\dth@everypar=\toks28
) (/usr/local/texlive/2019/texmf-dist/tex/latex/graphics/graphicx.sty
Package: graphicx 2017/06/01 v1.1a Enhanced LaTeX Graphics (DPC,SPQR)
 (/usr/local/texlive/2019/texmf-dist/tex/latex/graphics/graphics.sty
Package: graphics 2017/06/25 v1.2c Standard LaTeX Graphics (DPC,SPQR)
 (/usr/local/texlive/2019/texmf-dist/tex/latex/graphics/trig.sty
Package: trig 2016/01/03 v1.10 sin cos tan (DPC)
) (/usr/local/texlive/2019/texmf-dist/tex/latex/graphics-cfg/graphics.cfg
File: graphics.cfg 2016/06/04 v1.11 sample graphics configuration
)
Package graphics Info: Driver file: pdftex.def on input line 99.
 (/usr/local/texlive/2019/texmf-dist/tex/latex/graphics-def/pdftex.def
File: pdftex.def 2018/01/08 v1.0l Graphics/color driver for pdftex
))
\Gin@req@height=\dimen120
\Gin@req@width=\dimen121
) (/usr/local/texlive/2019/texmf-dist/tex/latex/natbib/natbib.sty
Package: natbib 2010/09/13 8.31b (PWD, AO)
\bibhang=\skip49
\bibsep=\skip50
LaTeX Info: Redefining \cite on input line 694.
\c@NAT@ctr=\count103
) (/usr/local/texlive/2019/texmf-dist/tex/latex/caption/caption.sty
Package: caption 2018/10/06 v3.3-154 Customizing captions (AR)
 (/usr/local/texlive/2019/texmf-dist/tex/latex/caption/caption3.sty
Package: caption3 2018/09/12 v1.8c caption3 kernel (AR)
Package caption3 Info: TeX engine: e-TeX on input line 64.
\captionmargin=\dimen122
\captionmargin@=\dimen123
\captionwidth=\dimen124
\caption@tempdima=\dimen125
\caption@indent=\dimen126
\caption@parindent=\dimen127
\caption@hangindent=\dimen128
)
\c@caption@flags=\count104
\c@ContinuedFloat=\count105
) (/usr/local/texlive/2019/texmf-dist/tex/latex/caption/subcaption.sty
Package: subcaption 2018/05/01 v1.1-162 Sub-captions (AR)
\c@subfigure=\count106
\c@subtable=\count107
) (/usr/local/texlive/2019/texmf-dist/tex/latex/float/float.sty
Package: float 2001/11/08 v1.3d Float enhancements (AL)
\c@float@type=\count108
\float@exts=\toks29
\float@box=\box29
\@float@everytoks=\toks30
\@floatcapt=\box30
) (/usr/local/texlive/2019/texmf-dist/tex/latex/oberdiek/pdflscape.sty
Package: pdflscape 2016/05/14 v0.11 Display of landscape pages in PDF (HO)
 (/usr/local/texlive/2019/texmf-dist/tex/latex/graphics/lscape.sty
Package: lscape 2000/10/22 v3.01 Landscape Pages (DPC)
)
Package pdflscape Info: Auto-detected driver: pdftex on input line 81.
) (/usr/local/texlive/2019/texmf-dist/tex/latex/booktabs/booktabs.sty
Package: booktabs 2016/04/27 v1.618033 publication quality tables
\heavyrulewidth=\dimen129
\lightrulewidth=\dimen130
\cmidrulewidth=\dimen131
\belowrulesep=\dimen132
\belowbottomsep=\dimen133
\aboverulesep=\dimen134
\abovetopsep=\dimen135
\cmidrulesep=\dimen136
\cmidrulekern=\dimen137
\defaultaddspace=\dimen138
\@cmidla=\count109
\@cmidlb=\count110
\@aboverulesep=\dimen139
\@belowrulesep=\dimen140
\@thisruleclass=\count111
\@lastruleclass=\count112
\@thisrulewidth=\dimen141
) (/usr/local/texlive/2019/texmf-dist/tex/latex/tools/dcolumn.sty
Package: dcolumn 2014/10/28 v1.06 decimal alignment package (DPC)
 (/usr/local/texlive/2019/texmf-dist/tex/latex/tools/array.sty
Package: array 2018/12/30 v2.4k Tabular extension package (FMi)
\col@sep=\dimen142
\ar@mcellbox=\box31
\extrarowheight=\dimen143
\NC@list=\toks31
\extratabsurround=\skip51
\backup@length=\skip52
\ar@cellbox=\box32
)) (/usr/local/texlive/2019/texmf-dist/tex/latex/url/url.sty
\Urlmuskip=\muskip11
Package: url 2013/09/16  ver 3.4  Verb mode for urls, etc.
) (/usr/local/texlive/2019/texmf-dist/tex/latex/enumitem/enumitem.sty
Package: enumitem 2019/02/04 v3.8 Customized lists
\labelindent=\skip53
\enit@outerparindent=\dimen144
\enit@toks=\toks32
\enit@inbox=\box33
\enit@count@id=\count113
\enitdp@description=\count114
) (/usr/local/texlive/2019/texmf-dist/tex/latex/xcolor/xcolor.sty
Package: xcolor 2016/05/11 v2.12 LaTeX color extensions (UK)
 (/usr/local/texlive/2019/texmf-dist/tex/latex/graphics-cfg/color.cfg
File: color.cfg 2016/01/02 v1.6 sample color configuration
)
Package xcolor Info: Driver file: pdftex.def on input line 225.
 (/usr/local/texlive/2019/texmf-dist/tex/latex/colortbl/colortbl.sty
Package: colortbl 2018/12/12 v1.0d Color table columns (DPC)
\everycr=\toks33
\minrowclearance=\skip54
)
\rownum=\count115
Package xcolor Info: Model `cmy' substituted by `cmy0' on input line 1348.
Package xcolor Info: Model `hsb' substituted by `rgb' on input line 1352.
Package xcolor Info: Model `RGB' extended on input line 1364.
Package xcolor Info: Model `HTML' substituted by `rgb' on input line 1366.
Package xcolor Info: Model `Hsb' substituted by `hsb' on input line 1367.
Package xcolor Info: Model `tHsb' substituted by `hsb' on input line 1368.
Package xcolor Info: Model `HSB' substituted by `hsb' on input line 1369.
Package xcolor Info: Model `Gray' substituted by `gray' on input line 1370.
Package xcolor Info: Model `wave' substituted by `hsb' on input line 1371.
) (/usr/local/texlive/2019/texmf-dist/tex/latex/preprint/authblk.sty
Package: authblk 2001/02/27 1.3 (PWD)
\affilsep=\skip55
\@affilsep=\skip56
\c@Maxaffil=\count116
\c@authors=\count117
\c@affil=\count118
) (/usr/local/texlive/2019/texmf-dist/tex/latex/appendix/appendix.sty
Package: appendix 2009/09/02 v1.2b extra appendix facilities
\c@@pps=\count119
\c@@ppsavesec=\count120
\c@@ppsaveapp=\count121
) (/usr/local/texlive/2019/texmf-dist/tex/latex/titlesec/titletoc.sty
Package: titletoc 2011/12/15 v1.6 TOC entries
\ttl@leftsep=\dimen145
) (/usr/local/texlive/2019/texmf-dist/tex/latex/multirow/multirow.sty
Package: multirow 2019/01/01 v2.4 Span multiple rows of a table
\multirow@colwidth=\skip57
\multirow@cntb=\count122
\multirow@dima=\skip58
\bigstrutjot=\dimen146
) (/usr/local/texlive/2019/texmf-dist/tex/latex/titling/titling.sty
Package: titling 2009/09/04 v2.1d maketitle typesetting
\thanksmarkwidth=\skip59
\thanksmargin=\skip60
\droptitle=\skip61
) (/usr/local/texlive/2019/texmf-dist/tex/latex/footmisc/footmisc.sty
Package: footmisc 2011/06/06 v5.5b a miscellany of footnote facilities
\FN@temptoken=\toks34
\footnotemargin=\dimen147
\c@pp@next@reset=\count123
Package footmisc Info: Declaring symbol style bringhurst on input line 855.
Package footmisc Info: Declaring symbol style chicago on input line 863.
Package footmisc Info: Declaring symbol style wiley on input line 872.
Package footmisc Info: Declaring symbol style lamport-robust on input line 883.
Package footmisc Info: Declaring symbol style lamport* on input line 903.
Package footmisc Info: Declaring symbol style lamport*-robust on input line 924.
)
\c@theorem=\count124
\c@proposition=\count125
\c@corollary=\count126
 (/Users/gali/gdrive/princeton/dissertation/papers/patronage_education/paper/paper.aux)
\openout1 = `paper.aux'.

LaTeX Font Info:    Checking defaults for OML/cmm/m/it on input line 44.
LaTeX Font Info:    ... okay on input line 44.
LaTeX Font Info:    Checking defaults for T1/cmr/m/n on input line 44.
LaTeX Font Info:    ... okay on input line 44.
LaTeX Font Info:    Checking defaults for OT1/cmr/m/n on input line 44.
LaTeX Font Info:    ... okay on input line 44.
LaTeX Font Info:    Checking defaults for OMS/cmsy/m/n on input line 44.
LaTeX Font Info:    ... okay on input line 44.
LaTeX Font Info:    Checking defaults for OMX/cmex/m/n on input line 44.
LaTeX Font Info:    ... okay on input line 44.
LaTeX Font Info:    Checking defaults for U/cmr/m/n on input line 44.
LaTeX Font Info:    ... okay on input line 44.

*geometry* driver: auto-detecting
*geometry* detected driver: pdftex
*geometry* verbose mode - [ preamble ] result:
* driver: pdftex
* paper: a4paper
* layout: <same size as paper>
* layoutoffset:(h,v)=(0.0pt,0.0pt)
* modes: 
* h-part:(L,W,R)=(90.3375pt, 416.83289pt, 90.3375pt)
* v-part:(T,H,B)=(90.3375pt, 664.37186pt, 90.3375pt)
* \paperwidth=597.50787pt
* \paperheight=845.04684pt
* \textwidth=416.83289pt
* \textheight=664.37186pt
* \oddsidemargin=18.0675pt
* \evensidemargin=18.0675pt
* \topmargin=-18.9325pt
* \headheight=12.0pt
* \headsep=25.0pt
* \topskip=12.0pt
* \footskip=30.0pt
* \marginparwidth=35.0pt
* \marginparsep=10.0pt
* \columnsep=10.0pt
* \skip\footins=10.8pt plus 4.0pt minus 2.0pt
* \hoffset=0.0pt
* \voffset=0.0pt
* \mag=1000
* \@twocolumnfalse
* \@twosidefalse
* \@mparswitchfalse
* \@reversemarginfalse
* (1in=72.27pt=25.4mm, 1cm=28.453pt)

(/usr/local/texlive/2019/texmf-dist/tex/context/base/mkii/supp-pdf.mkii
[Loading MPS to PDF converter (version 2006.09.02).]
\scratchcounter=\count127
\scratchdimen=\dimen148
\scratchbox=\box34
\nofMPsegments=\count128
\nofMParguments=\count129
\everyMPshowfont=\toks35
\MPscratchCnt=\count130
\MPscratchDim=\dimen149
\MPnumerator=\count131
\makeMPintoPDFobject=\count132
\everyMPtoPDFconversion=\toks36
) (/usr/local/texlive/2019/texmf-dist/tex/latex/oberdiek/epstopdf-base.sty
Package: epstopdf-base 2016/05/15 v2.6 Base part for package epstopdf
 (/usr/local/texlive/2019/texmf-dist/tex/generic/oberdiek/infwarerr.sty
Package: infwarerr 2016/05/16 v1.4 Providing info/warning/error messages (HO)
) (/usr/local/texlive/2019/texmf-dist/tex/latex/oberdiek/grfext.sty
Package: grfext 2016/05/16 v1.2 Manage graphics extensions (HO)
 (/usr/local/texlive/2019/texmf-dist/tex/generic/oberdiek/kvdefinekeys.sty
Package: kvdefinekeys 2016/05/16 v1.4 Define keys (HO)
 (/usr/local/texlive/2019/texmf-dist/tex/generic/oberdiek/ltxcmds.sty
Package: ltxcmds 2016/05/16 v1.23 LaTeX kernel commands for general use (HO)
))) (/usr/local/texlive/2019/texmf-dist/tex/latex/oberdiek/kvoptions.sty
Package: kvoptions 2016/05/16 v3.12 Key value format for package options (HO)
 (/usr/local/texlive/2019/texmf-dist/tex/generic/oberdiek/kvsetkeys.sty
Package: kvsetkeys 2016/05/16 v1.17 Key value parser (HO)
 (/usr/local/texlive/2019/texmf-dist/tex/generic/oberdiek/etexcmds.sty
Package: etexcmds 2016/05/16 v1.6 Avoid name clashes with e-TeX commands (HO)
 (/usr/local/texlive/2019/texmf-dist/tex/generic/oberdiek/ifluatex.sty
Package: ifluatex 2016/05/16 v1.4 Provides the ifluatex switch (HO)
Package ifluatex Info: LuaTeX not detected.
)))) (/usr/local/texlive/2019/texmf-dist/tex/generic/oberdiek/pdftexcmds.sty
Package: pdftexcmds 2018/09/10 v0.29 Utility functions of pdfTeX for LuaTeX (HO)
Package pdftexcmds Info: LuaTeX not detected.
Package pdftexcmds Info: \pdf@primitive is available.
Package pdftexcmds Info: \pdf@ifprimitive is available.
Package pdftexcmds Info: \pdfdraftmode found.
)
Package epstopdf-base Info: Redefining graphics rule for `.eps' on input line 438.
Package grfext Info: Graphics extension search list:
(grfext)             [.pdf,.png,.jpg,.mps,.jpeg,.jbig2,.jb2,.PDF,.PNG,.JPG,.JPEG,.JBIG2,.JB2,.eps]
(grfext)             \AppendGraphicsExtensions on input line 456.
 (/usr/local/texlive/2019/texmf-dist/tex/latex/latexconfig/epstopdf-sys.cfg
File: epstopdf-sys.cfg 2010/07/13 v1.3 Configuration of (r)epstopdf for TeX Live
))
Package caption Info: Begin \AtBeginDocument code.
Package caption Info: float package is loaded.
Package caption Info: End \AtBeginDocument code.


Package natbib Warning: Citation `gulzar_politicians_2017' on page 1 undefined on input line 50.


Package natbib Warning: Citation `duflo_incentives_2012' on page 1 undefined on input line 50.


Package natbib Warning: Citation `finan_personnel_2015' on page 1 undefined on input line 50.


Package natbib Warning: Citation `laver_coalitions_1990' on page 1 undefined on input line 52.


Package natbib Warning: Citation `power_optimism_2010' on page 1 undefined on input line 52.


Package natbib Warning: Citation `ferejohn_incumbent_1986' on page 1 undefined on input line 52.

[1

{/usr/local/texlive/2019/texmf-var/fonts/map/pdftex/updmap/pdftex.map}]

Package natbib Warning: Citation `pepinsky_bureaucracy_2017' on page 2 undefined on input line 58.


Package natbib Warning: Citation `finan_personnel_2015' on page 2 undefined on input line 58.


Package natbib Warning: Citation `gulzar_politicians_2017' on page 2 undefined on input line 58.


Package natbib Warning: Citation `ferraz_corrupting_2012' on page 2 undefined on input line 58.


Package natbib Warning: Citation `kohli_state-directed_2004' on page 2 undefined on input line 58.


Package natbib Warning: Citation `evans_embedded_1995' on page 2 undefined on input line 58.


Package natbib Warning: Citation `centeno_unpacking_2017' on page 2 undefined on input line 68.


Package natbib Warning: Citation `kohli_state-directed_2004' on page 2 undefined on input line 68.


Package natbib Warning: Citation `johnson_miti_1982' on page 2 undefined on input line 68.


Package natbib Warning: Citation `kohli_state-directed_2004' on page 2 undefined on input line 68.


Package natbib Warning: Citation `evans_bureaucracy_1999' on page 2 undefined on input line 68.


Package natbib Warning: Citation `gulzar_politicians_2017' on page 2 undefined on input line 70.


Package natbib Warning: Citation `akhtari_political_2015' on page 2 undefined on input line 70.

[2]

Package natbib Warning: Citation `grindle_jobs_2012' on page 3 undefined on input line 76.


Package natbib Warning: Citation `mccarty_appointments_2004' on page 3 undefined on input line 76.


Package natbib Warning: Citation `raile_executive_2011' on page 3 undefined on input line 76.


Package natbib Warning: Citation `power_optimism_2010' on page 3 undefined on input line 76.


Package natbib Warning: Citation `raile_executive_2011' on page 3 undefined on input line 78.


Package natbib Warning: Citation `ames_electoral_1995' on page 3 undefined on input line 78.


Package natbib Warning: Citation `lucas_ideological_2010' on page 3 undefined on input line 78.


Package natbib Warning: Citation `batista_o_2013' on page 3 undefined on input line 78.


Package natbib Warning: Citation `neto_presidential_2006' on page 3 undefined on input line 78.


Package natbib Warning: Citation `figueiredo_executivo_1999' on page 3 undefined on input line 78.

LaTeX Font Info:    Try loading font information for U+msa on input line 82.
(/usr/local/texlive/2019/texmf-dist/tex/latex/amsfonts/umsa.fd
File: umsa.fd 2013/01/14 v3.01 AMS symbols A
)
LaTeX Font Info:    Try loading font information for U+msb on input line 82.
 (/usr/local/texlive/2019/texmf-dist/tex/latex/amsfonts/umsb.fd
File: umsb.fd 2013/01/14 v3.01 AMS symbols B
) [3]

Package natbib Warning: Citation `gailmard_slackers_2007' on page 4 undefined on input line 86.


Package natbib Warning: Citation `clotfelter_teacher_2007' on page 4 undefined on input line 86.


Package natbib Warning: Citation `akhtari_political_2015' on page 4 undefined on input line 86.


Package natbib Warning: Citation `colonnelli_patronage_2017' on page 4 undefined on input line 86.

/Users/gali/gdrive/princeton/dissertation/papers/patronage_education/paper/paper.tex:96: Missing $ inserted.
<inserted text> 
                $
l.96 ... delegated to local governments (paschoal_
                                                  historia_2009). The munici...
I've inserted a begin-math/end-math symbol since I think
you left one out. Proceed, with fingers crossed.


LaTeX Warning: Reference `fig:enrollment' on page 4 undefined on input line 96.

/Users/gali/gdrive/princeton/dissertation/papers/patronage_education/paper/paper.tex:97: Missing $ inserted.
<inserted text> 
                $
l.97 
     
I've inserted a begin-math/end-math symbol since I think
you left one out. Proceed, with fingers crossed.


Overfull \hbox (468.36688pt too wide) in paragraph at lines 96--97
\OT1/cmr/m/n/12 (paschoal$[]\OML/cmm/m/it/12 istoria[]\OT1/cmr/m/n/12 009)\OML/cmm/m/it/12 :Themunicipaleducationalsystemhasincreasedinrelevanceoverthepastfewdecades; asmunicipalitiestookonalargerproportionofstudentsfromstate \OMS/cmsy/m/n/12 ^^@
 []


Overfull \hbox (671.0498pt too wide) in paragraph at lines 96--97
\OML/cmm/m/it/12 levelgovernments:Figure[]plotsthetotalnumberofstudentsinprimaryeducationpergovernmentlevel; includingprivateschools:Asof\OT1/cmr/m/n/12 2016\OML/cmm/m/it/12 ; over\OT1/cmr/m/n/12 25\OML/cmm/m/it/12 millionstudentswereenrolledinover\OT1/cmr/m/n/12 115\OML/cmm/m/it/12 thousandmunicipalschools:$ 
 []

/Users/gali/gdrive/princeton/dissertation/papers/patronage_education/paper/paper.tex:98: Missing $ inserted.
<inserted text> 
                $
l.98 \blue{plots/enrollment_dep.pdf}
                                    
I've inserted a begin-math/end-math symbol since I think
you left one out. Proceed, with fingers crossed.

/Users/gali/gdrive/princeton/dissertation/papers/patronage_education/paper/paper.tex:98: Extra }, or forgotten $.
\@textcolor ...otect \leavevmode {\color #1{#2}#3}
                                                  
l.98 \blue{plots/enrollment_dep.pdf}
                                    
I've deleted a group-closing symbol because it seems to be
spurious, as in `$x}$'. But perhaps the } is legitimate and
you forgot something else, as in `\hbox{$x}'. In such cases
the way to recover is to insert both the forgotten and the
deleted material, e.g., by typing `I$}'.

/Users/gali/gdrive/princeton/dissertation/papers/patronage_education/paper/paper.tex:99: Missing $ inserted.
<inserted text> 
                $
l.99 
     
I've inserted a begin-math/end-math symbol since I think
you left one out. Proceed, with fingers crossed.

[4]
/Users/gali/gdrive/princeton/dissertation/papers/patronage_education/paper/paper.tex:100: Missing $ inserted.
<inserted text> 
                $
l.100 ... mayor or secretary of education (brollo_
                                                  political_2017). Teachers ...
I've inserted a begin-math/end-math symbol since I think
you left one out. Proceed, with fingers crossed.

/Users/gali/gdrive/princeton/dissertation/papers/patronage_education/paper/paper.tex:101: Missing $ inserted.
<inserted text> 
                $
l.101 
      
I've inserted a begin-math/end-math symbol since I think
you left one out. Proceed, with fingers crossed.


Overfull \hbox (1445.299pt too wide) in paragraph at lines 100--101
\OT1/cmr/m/n/12 (brollo$[]\OML/cmm/m/it/12 olitical[]\OT1/cmr/m/n/12 017)\OML/cmm/m/it/12 :Teachersusuallyenterthepublicservicethroughapublicexamandareeligiblefortenureaftertwoyears\OT1/cmr/m/n/12 (\OML/cmm/m/it/12 gatti[]ormacao[]\OT1/cmr/m/n/12 010)\OML/cmm/m/it/12 Howevermunicipalitiesincreasinglyresorttotemporarycontractstohirenewteachersasbudgetarypressuresamount:Municipalteachersandschoolprincipalsareoverseenbyalocaldepartmentofeducation\OT1/cmr/m/n/12 (\OML/cmm/m/it/12 militao[]ducacao[]\OT1/cmr/m/n/12 014)\OML/cmm/m/it/12 :$ 
 []

/Users/gali/gdrive/princeton/dissertation/papers/patronage_education/paper/paper.tex:102: Missing $ inserted.
<inserted text> 
                $
l.102 ...ipalities which do not reach the target.^
                                                  [For more details on the F...
I've inserted a begin-math/end-math symbol since I think
you left one out. Proceed, with fingers crossed.

/Users/gali/gdrive/princeton/dissertation/papers/patronage_education/paper/paper.tex:103: Missing $ inserted.
<inserted text> 
                $
l.103 
      
I've inserted a begin-math/end-math symbol since I think
you left one out. Proceed, with fingers crossed.


Overfull \hbox (51.03546pt too wide) in paragraph at lines 102--103
\OT1/cmr/m/n/12 mu-nic-i-pal-i-ties which do not reach the target.$[]\OML/cmm/m/it/12 FormoredetailsontheFundeb; see\OT1/cmr/m/n/12 (\OML/cmm/m/it/12 here\OT1/cmr/m/n/12 )[\OML/cmm/m/it/12 https \OT1/cmr/m/n/12 :
 []


Overfull \hbox (663.69685pt too wide) in paragraph at lines 102--103
\OML/cmm/m/it/12 programa=sobre \OMS/cmsy/m/n/12 ^^@ \OML/cmm/m/it/12 o \OMS/cmsy/m/n/12 ^^@ \OML/cmm/m/it/12 fundeb\OT1/cmr/m/n/12 ]\OML/cmm/m/it/12 :\OT1/cmr/m/n/12 ]\OML/cmm/m/it/12 Whilemunicipalitiesmaybeauditedtoverifywhetherfundsarebeingproperlyused; personneldecisionsanddailyoperationsarefullyundermunicipaldiscretion\OT1/cmr/m/n/12 (\OML/cmm/m/it/12 ferraz[]orrupting[]\OT1/cmr/m/n/12 012)\OML/cmm/m/it/12 :$ 
 []

/Users/gali/gdrive/princeton/dissertation/papers/patronage_education/paper/paper.tex:106: Missing $ inserted.
<inserted text> 
                $
l.106 ... the possibility of reelection for both.^
                                                  [The last municipal electi...
I've inserted a begin-math/end-math symbol since I think
you left one out. Proceed, with fingers crossed.

/Users/gali/gdrive/princeton/dissertation/papers/patronage_education/paper/paper.tex:107: Missing $ inserted.
<inserted text> 
                $
l.107 
      
I've inserted a begin-math/end-math symbol since I think
you left one out. Proceed, with fingers crossed.


Overfull \hbox (2059.00952pt too wide) in paragraph at lines 106--107
\OT1/cmr/m/n/12 ev-ery four years, with the pos-si-bil-ity of re-elec-tion for both.$[]\OML/cmm/m/it/12 Thelastmunicipalelectionswerein\OT1/cmr/m/n/12 2016\OML/cmm/m/it/12 :Thesetakeplace\OT1/cmr/m/n/12 ]\OML/cmm/m/it/12 Theexecutiveisresponsiblefortheimplementationofsocialpoliciessuchaseducation; aswellasdraftingthemunicipalbudget:Thecitycouncil; ontheotherhand; overseeslegislationandapprovesthebudgetforthefiscalyear:Asnotedbysouza[]eforma[]\OT1/cmr/m/n/12 004\OML/cmm/m/it/12 ; decisionsoverhowtomanageeducationareprimarilyinthehandsofthemayor; butthecitycouncilorsexertsignificantpressure:$ 
 []

/Users/gali/gdrive/princeton/dissertation/papers/patronage_education/paper/paper.tex:108: Missing $ inserted.
<inserted text> 
                $
l.108 ...lliances with local party labels (dantas_
                                                  eleicoes_2013). These mayo...
I've inserted a begin-math/end-math symbol since I think
you left one out. Proceed, with fingers crossed.

/Users/gali/gdrive/princeton/dissertation/papers/patronage_education/paper/paper.tex:109: Missing $ inserted.
<inserted text> 
                $
l.109 
      
I've inserted a begin-math/end-math symbol since I think
you left one out. Proceed, with fingers crossed.


Overfull \hbox (1076.2188pt too wide) in paragraph at lines 108--109
\OT1/cmr/m/n/12 elec-toral al-liances with lo-cal party la-bels (dantas$[]\OML/cmm/m/it/12 leicoes[]\OT1/cmr/m/n/12 013)\OML/cmm/m/it/12 :Thesemayoralcoalitions; onceingovernment; areanimportantbasisforapprovingbudgetsand; moregenerally; executivecontroloverthelegislativechamber:Interviewswithcitycouncilorsindicatethatthelegislatureisdividedintoapro \OMS/cmsy/m/n/12 ^^@
 []


Overfull \hbox (1257.58205pt too wide) in paragraph at lines 108--109
\OML/cmm/m/it/12 government\OT1/cmr/m/n/12 ([])\OML/cmm/m/it/12 andopposition\OT1/cmr/m/n/12 ([])\OML/cmm/m/it/12 groups\OT1/cmr/m/n/12 ([])\OML/cmm/m/it/12 :Whiletheseelectoralcoalitionsdonotnecessarilyremainintactoncegovernmentsareformed; fragmentationisgenerallyonthemargins; withmayorsswappingdefectinglegislatorsfornewones:[]InterviewwithC; formerchiefofstaffofmunicipalityJ:September\OT1/cmr/m/n/12 2018\OML/cmm/m/it/12 :\OT1/cmr/m/n/12 ]$ 
 []

/Users/gali/gdrive/princeton/dissertation/papers/patronage_education/paper/paper.tex:114: Missing $ inserted.
<inserted text> 
                $
l.114 ...uncilor and the department of education.^
                                                  [Interview with the admini...
I've inserted a begin-math/end-math symbol since I think
you left one out. Proceed, with fingers crossed.

/Users/gali/gdrive/princeton/dissertation/papers/patronage_education/paper/paper.tex:115: Missing $ inserted.
<inserted text> 
                $
l.115 
      
I've inserted a begin-math/end-math symbol since I think
you left one out. Proceed, with fingers crossed.


Overfull \hbox (157.67255pt too wide) in paragraph at lines 114--115
\OT1/cmr/m/n/12 and the de-part-ment of education.$[]\OML/cmm/m/it/12 InterviewwiththeadministrativeboardofschoolA:; municipalityJ:August\OT1/cmr/m/n/12 2019]$ 
 []

[5]

Package natbib Warning: Citation `groseclose_1996_buying' on page 6 undefined on input line 120.


Package natbib Warning: Citation `banks_2000_buying' on page 6 undefined on input line 120.


Package natbib Warning: Citation `stokes_brokers_2013' on page 6 undefined on input line 124.


Package natbib Warning: Citation `grindle_jobs_2012' on page 6 undefined on input line 124.

[6] [7] [8]

LaTeX Warning: Reference `eqn:solution' on page 9 undefined on input line 171.


LaTeX Warning: Reference `eqn:minimal_expenditure' on page 9 undefined on input line 202.


LaTeX Warning: Reference `eqn:solution' on page 9 undefined on input line 202.


LaTeX Warning: Reference `eqn:total_expenditure' on page 9 undefined on input line 202.

[9]

LaTeX Warning: Reference `eqn:total_expenditure' on page 10 undefined on input line 221.


LaTeX Warning: Reference `eqn:optimal_k' on page 10 undefined on input line 231.


LaTeX Warning: Reference `eqn:deltAk' on page 10 undefined on input line 231.

[10]

LaTeX Warning: Reference `eqn:optimal_k' on page 11 undefined on input line 239.


LaTeX Warning: Reference `eqn:deltAk' on page 11 undefined on input line 239.


LaTeX Warning: Reference `eqn:def_deltAk' on page 11 undefined on input line 239.


LaTeX Warning: Reference `eqn:optimal_k' on page 11 undefined on input line 239.


LaTeX Warning: Reference `eqn:total_expenditure' on page 11 undefined on input line 251.


Package natbib Warning: Citation `groseclose_1996_buying' on page 11 undefined on input line 259.

[11]
No file paper.bbl.

Package natbib Warning: There were undefined citations.

[12] (/Users/gali/gdrive/princeton/dissertation/papers/patronage_education/paper/paper.aux)

LaTeX Warning: There were undefined references.


LaTeX Warning: Label(s) may have changed. Rerun to get cross-references right.

 )
(\end occurred inside a group at level 1)

### simple group (level 1) entered at line 98 ({)
### bottom level 
Here is how much of TeX's memory you used:
 6086 strings out of 492616
 88169 string characters out of 6129482
 175498 words of memory out of 5000000
 9874 multiletter control sequences out of 15000+600000
 14444 words of font info for 54 fonts, out of 8000000 for 9000
 1141 hyphenation exceptions out of 8191
 41i,17n,38p,1123b,254s stack positions out of 5000i,500n,10000p,200000b,80000s
</usr/local/texlive/2019/texmf-dist/fonts/type1/public/amsfonts/cm/cmbx12.pfb></usr/local/texlive/2019/texmf-dist/fonts/type1/public/amsfonts/cm/cmex10.pfb></usr/local/texlive/2019/texmf-dist/fonts/type1/public/amsfonts/cm/cmmi12.pfb></usr/local/texlive/2019/texmf-dist/fonts/type1/public/amsfonts/cm/cmmi8.pfb></usr/local/texlive/2019/texmf-dist/fonts/type1/public/amsfonts/cm/cmr10.pfb></usr/local/texlive/2019/texmf-dist/fonts/type1/public/amsfonts/cm/cmr12.pfb></usr/local/texlive/2019/texmf-dist/fonts/type1/public/amsfonts/cm/cmr7.pfb></usr/local/texlive/2019/texmf-dist/fonts/type1/public/amsfonts/cm/cmr8.pfb></usr/local/texlive/2019/texmf-dist/fonts/type1/public/amsfonts/cm/cmsy10.pfb></usr/local/texlive/2019/texmf-dist/fonts/type1/public/amsfonts/cm/cmsy6.pfb></usr/local/texlive/2019/texmf-dist/fonts/type1/public/amsfonts/cm/cmsy8.pfb></usr/local/texlive/2019/texmf-dist/fonts/type1/public/amsfonts/cm/cmti10.pfb></usr/local/texlive/2019/texmf-dist/fonts/type1/public/amsfonts/cm/cmti12.pfb></usr/local/texlive/2019/texmf-dist/fonts/type1/public/amsfonts/symbols/msbm10.pfb>
Output written on /Users/gali/gdrive/princeton/dissertation/papers/patronage_education/paper/paper.pdf (12 pages, 188591 bytes).
PDF statistics:
 99 PDF objects out of 1000 (max. 8388607)
 70 compressed objects within 1 object stream
 0 named destinations out of 1000 (max. 500000)
 1 words of extra memory for PDF output out of 10000 (max. 10000000)

